android-app-architecture-design/MoonMvpSimple/advancelight_chapter_10_mvpsimple/build/intermediates/manifest_merge_blame_file/debug/manifest-merger-blame-debug-report.txt
1<?xml version="1.0" encoding="utf-8"?>
2<manifest xmlns:android="http://schemas.android.com/apk/res/android"
3    package="com.example.liuwangshu.moonmvpsimple"
4    android:versionCode="1"
5    android:versionName="1.0" >
6
7    <uses-sdk
8        android:minSdkVersion="21"
8-->src\main\AndroidManifest.xml
9        android:targetSdkVersion="29" />
9-->src\main\AndroidManifest.xml
10
11    <uses-permission android:name="android.permission.INTERNET" />
11-->src\main\AndroidManifest.xml:21:5-67
11-->src\main\AndroidManifest.xml:21:22-64
12    <!-- 在SDCard中创建与删除文件权限 -->
13    <uses-permission android:name="android.permission.MOUNT_UNMOUNT_FILESYSTEMS" /> <!-- 往SDCard写入数据权限 -->
13-->[cn.finalteam:toolsfinal:1.1.5] AndroidManifest.xml:12:5-84
13-->[cn.finalteam:toolsfinal:1.1.5] AndroidManifest.xml:12:22-81
14    <uses-permission android:name="android.permission.WRITE_EXTERNAL_STORAGE" /> <!-- 从SDCard读取数据权限 -->
14-->[cn.finalteam:toolsfinal:1.1.5] AndroidManifest.xml:14:5-81
14-->[cn.finalteam:toolsfinal:1.1.5] AndroidManifest.xml:14:22-78
15    <uses-permission android:name="android.permission.READ_EXTERNAL_STORAGE" /> <!-- 读取设备信息权限 -->
15-->[cn.finalteam:toolsfinal:1.1.5] AndroidManifest.xml:16:5-80
15-->[cn.finalteam:toolsfinal:1.1.5] AndroidManifest.xml:16:22-77
16    <uses-permission android:name="android.permission.READ_PHONE_STATE" /> <!-- 获取WIFI权限 -->
16-->[cn.finalteam:toolsfinal:1.1.5] AndroidManifest.xml:18:5-75
16-->[cn.finalteam:toolsfinal:1.1.5] AndroidManifest.xml:18:22-72
17    <uses-permission android:name="android.permission.ACCESS_WIFI_STATE" /> <!-- 获取手机任务信息（进程,app列表） -->
17-->[cn.finalteam:toolsfinal:1.1.5] AndroidManifest.xml:20:5-76
17-->[cn.finalteam:toolsfinal:1.1.5] AndroidManifest.xml:20:22-73
18    <uses-permission android:name="android.permission.GET_TASKS" /> <!-- 检查是否wifi网络 (CrashHanler保存日志信息用到) -->
18-->[cn.finalteam:toolsfinal:1.1.5] AndroidManifest.xml:22:5-68
18-->[cn.finalteam:toolsfinal:1.1.5] AndroidManifest.xml:22:22-65
19    <uses-permission android:name="android.permission.ACCESS_NETWORK_STATE" /> <!-- 拨打电话 -->
19-->[cn.finalteam:toolsfinal:1.1.5] AndroidManifest.xml:24:5-79
19-->[cn.finalteam:toolsfinal:1.1.5] AndroidManifest.xml:24:22-76
20    <uses-permission android:name="android.permission.CALL_PHONE" />
20-->[cn.finalteam:toolsfinal:1.1.5] AndroidManifest.xml:26:5-69
20-->[cn.finalteam:toolsfinal:1.1.5] AndroidManifest.xml:26:22-66
21
22    <application
22-->src\main\AndroidManifest.xml:5:5-20:19
23        android:name="com.example.liuwangshu.moonmvpsimple.MvpApplication"
23-->src\main\AndroidManifest.xml:6:9-39
24        android:allowBackup="true"
24-->src\main\AndroidManifest.xml:7:9-35
25        android:debuggable="true"
26        android:icon="@mipmap/ic_launcher"
26-->src\main\AndroidManifest.xml:8:9-43
27        android:label="@string/app_name"
27-->src\main\AndroidManifest.xml:9:9-41
28        android:supportsRtl="true"
28-->src\main\AndroidManifest.xml:10:9-35
29        android:theme="@style/AppTheme" >
29-->src\main\AndroidManifest.xml:11:9-40
30        <activity android:name="com.example.liuwangshu.moonmvpsimple.ipinfo.IpInfoActivity" >
30-->src\main\AndroidManifest.xml:12:9-18:20
30-->src\main\AndroidManifest.xml:12:19-56
31            <intent-filter>
31-->src\main\AndroidManifest.xml:13:13-17:29
32                <action android:name="android.intent.action.MAIN" />
32-->src\main\AndroidManifest.xml:14:17-69
32-->src\main\AndroidManifest.xml:14:25-66
33
34                <category android:name="android.intent.category.LAUNCHER" />
34-->src\main\AndroidManifest.xml:16:17-77
34-->src\main\AndroidManifest.xml:16:27-74
35            </intent-filter>
36        </activity>
37    </application>
38
39</manifest>